<?xml version="1.0" encoding="UTF-8"?>
<!-- Generated by org.testng.reporters.JUnitReportReporter -->
<testsuite hostname="Kabir" failures="0" tests="1" name="api.base.postapis.SendOTP" time="1.397" errors="0" timestamp="2024-05-10T11:11:01 IST" skipped="0">
  <testcase classname="api.base.postapis.SendOTP" name="sendOTP" time="1.397"/>
  <system-out/>
</testsuite> <!-- api.base.postapis.SendOTP -->
