<?xml version="1.0" encoding="UTF-8"?>
<!-- Generated by org.testng.reporters.JUnitReportReporter -->
<testsuite hostname="Kabir" failures="0" tests="1" name="tests.APITests" time="1.827" errors="0" timestamp="2024-05-08T15:18:37 IST" skipped="0">
  <testcase classname="tests.APITests" name="testGetCityAPI" time="1.827"/>
  <system-out/>
</testsuite> <!-- tests.APITests -->
